[0106/173507.152:ERROR:process_memory_win.cc(73)] ReadMemory at 0x267218a3790 of 72 bytes failed: Only part of a ReadProcessMemory or WriteProcessMemory request was completed. (0x12B)
[0106/173507.385:WARNING:pe_image_annotations_reader.cc(134)] could not read annotations list object in C:\Program Files (x86)\Google\Chrome\Application\79.0.3945.88\chrome_elf.dll
[0106/173507.386:ERROR:process_memory_win.cc(73)] ReadMemory at 0x26721bf8250 of 72 bytes failed: Only part of a ReadProcessMemory or WriteProcessMemory request was completed. (0x12B)
[0106/173507.386:WARNING:pe_image_annotations_reader.cc(134)] could not read annotations list object in C:\Program Files (x86)\Google\Chrome\Application\79.0.3945.88\chrome_child.dll
[0106/173507.387:ERROR:process_memory_win.cc(73)] ReadMemory at 0x267218b0000 of 64 bytes failed: Only part of a ReadProcessMemory or WriteProcessMemory request was completed. (0x12B)
[0106/173507.387:WARNING:pe_image_reader.cc(340)] could not read dos header from C:\Windows\System32\combase.dll
[0106/173507.389:ERROR:process_memory_win.cc(73)] ReadMemory at 0x267218a3790 of 72 bytes failed: Only part of a ReadProcessMemory or WriteProcessMemory request was completed. (0x12B)
[0106/173507.390:WARNING:pe_image_annotations_reader.cc(134)] could not read annotations list object in C:\Program Files (x86)\Google\Chrome\Application\79.0.3945.88\chrome_elf.dll
[0106/173507.390:ERROR:process_memory_win.cc(73)] ReadMemory at 0x26721bf8250 of 72 bytes failed: Only part of a ReadProcessMemory or WriteProcessMemory request was completed. (0x12B)
[0106/173507.390:WARNING:pe_image_annotations_reader.cc(134)] could not read annotations list object in C:\Program Files (x86)\Google\Chrome\Application\79.0.3945.88\chrome_child.dll
[0106/173507.391:ERROR:process_memory_win.cc(73)] ReadMemory at 0x267218b0000 of 64 bytes failed: Only part of a ReadProcessMemory or WriteProcessMemory request was completed. (0x12B)
[0106/173507.391:WARNING:pe_image_reader.cc(340)] could not read dos header from C:\Windows\System32\combase.dll
[0106/173507.572:ERROR:process_memory_win.cc(73)] ReadMemory at 0xe02a5f7000 of 36864 bytes failed: Only part of a ReadProcessMemory or WriteProcessMemory request was completed. (0x12B)
[0106/173507.572:ERROR:process_memory_win.cc(73)] ReadMemory at 0xe02adfd000 of 12288 bytes failed: Only part of a ReadProcessMemory or WriteProcessMemory request was completed. (0x12B)
[0106/173507.572:ERROR:process_memory_win.cc(73)] ReadMemory at 0xe02bdfc000 of 16384 bytes failed: Only part of a ReadProcessMemory or WriteProcessMemory request was completed. (0x12B)
[0106/173507.593:ERROR:process_memory_win.cc(73)] ReadMemory at 0xe02c5fc000 of 16384 bytes failed: Only part of a ReadProcessMemory or WriteProcessMemory request was completed. (0x12B)
[0106/173507.593:ERROR:process_memory_win.cc(73)] ReadMemory at 0xe02cdfe000 of 8192 bytes failed: Only part of a ReadProcessMemory or WriteProcessMemory request was completed. (0x12B)
[0106/173507.593:ERROR:process_memory_win.cc(73)] ReadMemory at 0xe02d5fd000 of 12288 bytes failed: Only part of a ReadProcessMemory or WriteProcessMemory request was completed. (0x12B)
[0106/173507.593:ERROR:process_memory_win.cc(73)] ReadMemory at 0xe02ddfb000 of 20480 bytes failed: Only part of a ReadProcessMemory or WriteProcessMemory request was completed. (0x12B)
[0106/173507.594:ERROR:process_memory_win.cc(73)] ReadMemory at 0xe02e5fd000 of 12288 bytes failed: Only part of a ReadProcessMemory or WriteProcessMemory request was completed. (0x12B)
[0106/173507.594:ERROR:process_memory_win.cc(73)] ReadMemory at 0xe02edfd000 of 12288 bytes failed: Only part of a ReadProcessMemory or WriteProcessMemory request was completed. (0x12B)
[0106/173507.594:ERROR:process_memory_win.cc(73)] ReadMemory at 0xe02f5fd000 of 12288 bytes failed: Only part of a ReadProcessMemory or WriteProcessMemory request was completed. (0x12B)
[0106/173507.594:ERROR:process_memory_win.cc(73)] ReadMemory at 0xe02fdfd000 of 12288 bytes failed: Only part of a ReadProcessMemory or WriteProcessMemory request was completed. (0x12B)
[0106/173507.594:ERROR:process_memory_win.cc(73)] ReadMemory at 0xe030dfd000 of 12288 bytes failed: Only part of a ReadProcessMemory or WriteProcessMemory request was completed. (0x12B)
[0106/173507.594:ERROR:process_memory_win.cc(73)] ReadMemory at 0xe02b5fe000 of 8192 bytes failed: Only part of a ReadProcessMemory or WriteProcessMemory request was completed. (0x12B)
[0106/173507.594:ERROR:process_memory_win.cc(73)] ReadMemory at 0xe029d6d000 of 852 bytes failed: Only part of a ReadProcessMemory or WriteProcessMemory request was completed. (0x12B)
[0106/173507.594:ERROR:process_memory_win.cc(73)] ReadMemory at 0xe029d6e000 of 6024 bytes failed: Only part of a ReadProcessMemory or WriteProcessMemory request was completed. (0x12B)
[0106/173507.595:ERROR:process_memory_win.cc(73)] ReadMemory at 0xe029d70000 of 6024 bytes failed: Only part of a ReadProcessMemory or WriteProcessMemory request was completed. (0x12B)
[0106/173507.595:ERROR:process_memory_win.cc(73)] ReadMemory at 0xe029d74000 of 6024 bytes failed: Only part of a ReadProcessMemory or WriteProcessMemory request was completed. (0x12B)
[0106/173507.595:ERROR:process_memory_win.cc(73)] ReadMemory at 0xe029d76000 of 6024 bytes failed: Only part of a ReadProcessMemory or WriteProcessMemory request was completed. (0x12B)
[0106/173507.595:ERROR:process_memory_win.cc(73)] ReadMemory at 0xe029d78000 of 6024 bytes failed: Only part of a ReadProcessMemory or WriteProcessMemory request was completed. (0x12B)
[0106/173507.595:ERROR:process_memory_win.cc(73)] ReadMemory at 0xe029d7a000 of 6024 bytes failed: Only part of a ReadProcessMemory or WriteProcessMemory request was completed. (0x12B)
[0106/173507.595:ERROR:process_memory_win.cc(73)] ReadMemory at 0xe029d7c000 of 6024 bytes failed: Only part of a ReadProcessMemory or WriteProcessMemory request was completed. (0x12B)
[0106/173507.596:ERROR:process_memory_win.cc(73)] ReadMemory at 0xe029d7e000 of 6024 bytes failed: Only part of a ReadProcessMemory or WriteProcessMemory request was completed. (0x12B)
[0106/173507.596:ERROR:process_memory_win.cc(73)] ReadMemory at 0xe029d80000 of 6024 bytes failed: Only part of a ReadProcessMemory or WriteProcessMemory request was completed. (0x12B)
[0106/173507.596:ERROR:process_memory_win.cc(73)] ReadMemory at 0xe029d82000 of 6024 bytes failed: Only part of a ReadProcessMemory or WriteProcessMemory request was completed. (0x12B)
[0106/173507.596:ERROR:process_memory_win.cc(73)] ReadMemory at 0xe029d84000 of 6024 bytes failed: Only part of a ReadProcessMemory or WriteProcessMemory request was completed. (0x12B)
[0106/173507.596:ERROR:process_memory_win.cc(73)] ReadMemory at 0xe029d90000 of 6024 bytes failed: Only part of a ReadProcessMemory or WriteProcessMemory request was completed. (0x12B)
[0106/173507.597:ERROR:process_memory_win.cc(73)] ReadMemory at 0xe029d94000 of 6024 bytes failed: Only part of a ReadProcessMemory or WriteProcessMemory request was completed. (0x12B)
[0106/173507.597:ERROR:process_memory_win.cc(73)] ReadMemory at 0x26721520750 of 80 bytes failed: Only part of a ReadProcessMemory or WriteProcessMemory request was completed. (0x12B)
[0106/173507.690:ERROR:process_memory_win.cc(73)] ReadMemory at 0x26721520fe0 of 15172 bytes failed: Only part of a ReadProcessMemory or WriteProcessMemory request was completed. (0x12B)
[0106/173507.691:ERROR:process_memory_win.cc(73)] ReadMemory at 0x26721524b30 of 1012 bytes failed: Only part of a ReadProcessMemory or WriteProcessMemory request was completed. (0x12B)
[0106/173507.691:ERROR:process_memory_win.cc(73)] ReadMemory at 0x26721525178 of 118 bytes failed: Only part of a ReadProcessMemory or WriteProcessMemory request was completed. (0x12B)
[0106/173507.691:ERROR:process_memory_win.cc(73)] ReadMemory at 0x267215251f0 of 902 bytes failed: Only part of a ReadProcessMemory or WriteProcessMemory request was completed. (0x12B)
[0106/173507.692:ERROR:process_memory_win.cc(73)] ReadMemory at 0x26721525578 of 118 bytes failed: Only part of a ReadProcessMemory or WriteProcessMemory request was completed. (0x12B)
[0106/173507.692:ERROR:process_memory_win.cc(73)] ReadMemory at 0x267215255f0 of 96 bytes failed: Only part of a ReadProcessMemory or WriteProcessMemory request was completed. (0x12B)
[0106/173507.723:ERROR:process_memory_win.cc(73)] ReadMemory at 0x26721525660 of 58 bytes failed: Only part of a ReadProcessMemory or WriteProcessMemory request was completed. (0x12B)
[0106/173507.723:ERROR:process_memory_win.cc(73)] ReadMemory at 0x26721525760 of 132 bytes failed: Only part of a ReadProcessMemory or WriteProcessMemory request was completed. (0x12B)
[0106/173507.723:ERROR:process_memory_win.cc(73)] ReadMemory at 0x267215258f0 of 132 bytes failed: Only part of a ReadProcessMemory or WriteProcessMemory request was completed. (0x12B)
[0106/173507.723:ERROR:process_memory_win.cc(73)] ReadMemory at 0x26721525ab0 of 124 bytes failed: Only part of a ReadProcessMemory or WriteProcessMemory request was completed. (0x12B)
[0106/173507.724:ERROR:process_memory_win.cc(73)] ReadMemory at 0x26721525e90 of 132 bytes failed: Only part of a ReadProcessMemory or WriteProcessMemory request was completed. (0x12B)
[0106/173507.724:ERROR:process_memory_win.cc(73)] ReadMemory at 0x26721526030 of 64 bytes failed: Only part of a ReadProcessMemory or WriteProcessMemory request was completed. (0x12B)
[0106/173507.724:ERROR:process_memory_win.cc(73)] ReadMemory at 0x26721526080 of 132 bytes failed: Only part of a ReadProcessMemory or WriteProcessMemory request was completed. (0x12B)
[0106/173507.724:ERROR:process_memory_win.cc(73)] ReadMemory at 0x267215261f0 of 132 bytes failed: Only part of a ReadProcessMemory or WriteProcessMemory request was completed. (0x12B)
[0106/173507.724:ERROR:process_memory_win.cc(73)] ReadMemory at 0x26721526490 of 132 bytes failed: Only part of a ReadProcessMemory or WriteProcessMemory request was completed. (0x12B)
[0106/173507.724:ERROR:process_memory_win.cc(73)] ReadMemory at 0x26721526620 of 68 bytes failed: Only part of a ReadProcessMemory or WriteProcessMemory request was completed. (0x12B)
[0106/173507.724:ERROR:process_memory_win.cc(73)] ReadMemory at 0x26721527650 of 156 bytes failed: Only part of a ReadProcessMemory or WriteProcessMemory request was completed. (0x12B)
[0106/173507.724:ERROR:process_memory_win.cc(73)] ReadMemory at 0x26721527730 of 132 bytes failed: Only part of a ReadProcessMemory or WriteProcessMemory request was completed. (0x12B)
[0106/173507.725:ERROR:process_memory_win.cc(73)] ReadMemory at 0x267215278c0 of 152 bytes failed: Only part of a ReadProcessMemory or WriteProcessMemory request was completed. (0x12B)
[0106/173507.761:ERROR:process_memory_win.cc(73)] ReadMemory at 0x267215286d0 of 62 bytes failed: Only part of a ReadProcessMemory or WriteProcessMemory request was completed. (0x12B)
[0106/173507.762:ERROR:process_memory_win.cc(73)] ReadMemory at 0x26721528830 of 132 bytes failed: Only part of a ReadProcessMemory or WriteProcessMemory request was completed. (0x12B)
[0106/173507.762:ERROR:process_memory_win.cc(73)] ReadMemory at 0x267215289c0 of 60 bytes failed: Only part of a ReadProcessMemory or WriteProcessMemory request was completed. (0x12B)
[0106/173507.762:ERROR:process_memory_win.cc(73)] ReadMemory at 0x26721529810 of 132 bytes failed: Only part of a ReadProcessMemory or WriteProcessMemory request was completed. (0x12B)
[0106/173507.772:ERROR:process_memory_win.cc(73)] ReadMemory at 0x26721529b60 of 132 bytes failed: Only part of a ReadProcessMemory or WriteProcessMemory request was completed. (0x12B)
[0106/173507.772:ERROR:process_memory_win.cc(73)] ReadMemory at 0x26721529dd0 of 132 bytes failed: Only part of a ReadProcessMemory or WriteProcessMemory request was completed. (0x12B)
[0106/173507.772:ERROR:process_memory_win.cc(73)] ReadMemory at 0x26721529fe0 of 132 bytes failed: Only part of a ReadProcessMemory or WriteProcessMemory request was completed. (0x12B)
[0106/173507.772:ERROR:process_memory_win.cc(73)] ReadMemory at 0x2672152a330 of 132 bytes failed: Only part of a ReadProcessMemory or WriteProcessMemory request was completed. (0x12B)
[0106/173508.053:ERROR:process_memory_win.cc(73)] ReadMemory at 0x2672152d370 of 64 bytes failed: Only part of a ReadProcessMemory or WriteProcessMemory request was completed. (0x12B)
[0106/173508.053:ERROR:process_memory_win.cc(73)] ReadMemory at 0x2672152d410 of 64 bytes failed: Only part of a ReadProcessMemory or WriteProcessMemory request was completed. (0x12B)
[0106/173508.053:ERROR:process_memory_win.cc(73)] ReadMemory at 0x2672152d460 of 66 bytes failed: Only part of a ReadProcessMemory or WriteProcessMemory request was completed. (0x12B)
[0106/173508.075:ERROR:process_memory_win.cc(73)] ReadMemory at 0x2672152d4b0 of 62 bytes failed: Only part of a ReadProcessMemory or WriteProcessMemory request was completed. (0x12B)
[0106/173508.075:ERROR:process_memory_win.cc(73)] ReadMemory at 0x2672152d550 of 60 bytes failed: Only part of a ReadProcessMemory or WriteProcessMemory request was completed. (0x12B)
[0106/173508.075:ERROR:process_memory_win.cc(73)] ReadMemory at 0x2672152d5f0 of 64 bytes failed: Only part of a ReadProcessMemory or WriteProcessMemory request was completed. (0x12B)
[0106/173508.096:ERROR:process_memory_win.cc(73)] ReadMemory at 0x2672152d690 of 62 bytes failed: Only part of a ReadProcessMemory or WriteProcessMemory request was completed. (0x12B)
[0106/173508.176:ERROR:process_memory_win.cc(73)] ReadMemory at 0x2672152d6e0 of 64 bytes failed: Only part of a ReadProcessMemory or WriteProcessMemory request was completed. (0x12B)
[0106/173508.176:ERROR:process_memory_win.cc(73)] ReadMemory at 0x2672152d910 of 60 bytes failed: Only part of a ReadProcessMemory or WriteProcessMemory request was completed. (0x12B)
[0106/173508.176:ERROR:process_memory_win.cc(73)] ReadMemory at 0x26721531030 of 132 bytes failed: Only part of a ReadProcessMemory or WriteProcessMemory request was completed. (0x12B)
[0106/173508.176:ERROR:process_memory_win.cc(73)] ReadMemory at 0x267215313e0 of 132 bytes failed: Only part of a ReadProcessMemory or WriteProcessMemory request was completed. (0x12B)
[0106/173508.177:ERROR:process_memory_win.cc(73)] ReadMemory at 0x26721532c10 of 132 bytes failed: Only part of a ReadProcessMemory or WriteProcessMemory request was completed. (0x12B)
[0106/173508.177:ERROR:process_memory_win.cc(73)] ReadMemory at 0x26721533580 of 54 bytes failed: Only part of a ReadProcessMemory or WriteProcessMemory request was completed. (0x12B)
[0106/173508.214:ERROR:process_memory_win.cc(73)] ReadMemory at 0x267215350e0 of 76 bytes failed: Only part of a ReadProcessMemory or WriteProcessMemory request was completed. (0x12B)
[0106/173508.214:ERROR:process_memory_win.cc(73)] ReadMemory at 0x267215365f0 of 132 bytes failed: Only part of a ReadProcessMemory or WriteProcessMemory request was completed. (0x12B)
[0106/173508.214:ERROR:process_memory_win.cc(73)] ReadMemory at 0x26721536720 of 132 bytes failed: Only part of a ReadProcessMemory or WriteProcessMemory request was completed. (0x12B)
[0106/173508.214:ERROR:process_memory_win.cc(73)] ReadMemory at 0x26721536850 of 132 bytes failed: Only part of a ReadProcessMemory or WriteProcessMemory request was completed. (0x12B)
[0106/173508.215:ERROR:process_memory_win.cc(73)] ReadMemory at 0x26721536980 of 132 bytes failed: Only part of a ReadProcessMemory or WriteProcessMemory request was completed. (0x12B)
[0106/173508.367:ERROR:process_memory_win.cc(73)] ReadMemory at 0x26721536be0 of 132 bytes failed: Only part of a ReadProcessMemory or WriteProcessMemory request was completed. (0x12B)
[0106/173508.369:ERROR:process_memory_win.cc(73)] ReadMemory at 0x26721536db0 of 132 bytes failed: Only part of a ReadProcessMemory or WriteProcessMemory request was completed. (0x12B)
[0106/173508.369:ERROR:process_memory_win.cc(73)] ReadMemory at 0x26721539d10 of 58 bytes failed: Only part of a ReadProcessMemory or WriteProcessMemory request was completed. (0x12B)
[0106/173508.369:ERROR:process_memory_win.cc(73)] ReadMemory at 0x26721539d60 of 62 bytes failed: Only part of a ReadProcessMemory or WriteProcessMemory request was completed. (0x12B)
[0106/173508.369:ERROR:process_memory_win.cc(73)] ReadMemory at 0x26721539e00 of 62 bytes failed: Only part of a ReadProcessMemory or WriteProcessMemory request was completed. (0x12B)
[0106/173508.369:ERROR:process_memory_win.cc(73)] ReadMemory at 0x26721539ea0 of 64 bytes failed: Only part of a ReadProcessMemory or WriteProcessMemory request was completed. (0x12B)
[0106/173508.369:ERROR:process_memory_win.cc(73)] ReadMemory at 0x26721539ef0 of 62 bytes failed: Only part of a ReadProcessMemory or WriteProcessMemory request was completed. (0x12B)
[0106/173508.369:ERROR:process_memory_win.cc(73)] ReadMemory at 0x26721539f40 of 66 bytes failed: Only part of a ReadProcessMemory or WriteProcessMemory request was completed. (0x12B)
[0106/173508.369:ERROR:process_memory_win.cc(73)] ReadMemory at 0x2672153a0d0 of 64 bytes failed: Only part of a ReadProcessMemory or WriteProcessMemory request was completed. (0x12B)
[0106/173508.465:ERROR:process_memory_win.cc(73)] ReadMemory at 0x2672153a300 of 60 bytes failed: Only part of a ReadProcessMemory or WriteProcessMemory request was completed. (0x12B)
[0106/173508.466:ERROR:process_memory_win.cc(73)] ReadMemory at 0x2672153a350 of 62 bytes failed: Only part of a ReadProcessMemory or WriteProcessMemory request was completed. (0x12B)
[0106/173508.466:ERROR:process_memory_win.cc(73)] ReadMemory at 0x2672153a3f0 of 60 bytes failed: Only part of a ReadProcessMemory or WriteProcessMemory request was completed. (0x12B)
[0106/173508.466:ERROR:process_memory_win.cc(73)] ReadMemory at 0x2672153a5d0 of 62 bytes failed: Only part of a ReadProcessMemory or WriteProcessMemory request was completed. (0x12B)
[0106/173508.466:ERROR:process_memory_win.cc(73)] ReadMemory at 0x2672153a620 of 60 bytes failed: Only part of a ReadProcessMemory or WriteProcessMemory request was completed. (0x12B)
[0106/173508.466:ERROR:process_memory_win.cc(73)] ReadMemory at 0x2672153a670 of 64 bytes failed: Only part of a ReadProcessMemory or WriteProcessMemory request was completed. (0x12B)
[0106/173508.467:ERROR:process_memory_win.cc(73)] ReadMemory at 0x2672153a710 of 60 bytes failed: Only part of a ReadProcessMemory or WriteProcessMemory request was completed. (0x12B)
[0106/173508.467:ERROR:process_memory_win.cc(73)] ReadMemory at 0x2672153a760 of 64 bytes failed: Only part of a ReadProcessMemory or WriteProcessMemory request was completed. (0x12B)
[0106/173508.467:ERROR:process_memory_win.cc(73)] ReadMemory at 0x2672153a8a0 of 62 bytes failed: Only part of a ReadProcessMemory or WriteProcessMemory request was completed. (0x12B)
[0106/173508.467:ERROR:process_memory_win.cc(73)] ReadMemory at 0x2672153a8f0 of 62 bytes failed: Only part of a ReadProcessMemory or WriteProcessMemory request was completed. (0x12B)
[0106/173508.467:ERROR:process_memory_win.cc(73)] ReadMemory at 0x2672153a990 of 62 bytes failed: Only part of a ReadProcessMemory or WriteProcessMemory request was completed. (0x12B)
[0106/173508.468:ERROR:process_memory_win.cc(73)] ReadMemory at 0x2672153aa50 of 132 bytes failed: Only part of a ReadProcessMemory or WriteProcessMemory request was completed. (0x12B)
[0106/173508.468:ERROR:process_memory_win.cc(73)] ReadMemory at 0x2672153acb0 of 132 bytes failed: Only part of a ReadProcessMemory or WriteProcessMemory request was completed. (0x12B)
[0106/173508.468:ERROR:process_memory_win.cc(73)] ReadMemory at 0x2672153ade0 of 132 bytes failed: Only part of a ReadProcessMemory or WriteProcessMemory request was completed. (0x12B)
[0106/173508.489:ERROR:process_memory_win.cc(73)] ReadMemory at 0x2672153b040 of 132 bytes failed: Only part of a ReadProcessMemory or WriteProcessMemory request was completed. (0x12B)
[0106/173508.490:ERROR:process_memory_win.cc(73)] ReadMemory at 0x2672153b170 of 132 bytes failed: Only part of a ReadProcessMemory or WriteProcessMemory request was completed. (0x12B)
[0106/173508.490:ERROR:process_memory_win.cc(73)] ReadMemory at 0x2672153b3d0 of 132 bytes failed: Only part of a ReadProcessMemory or WriteProcessMemory request was completed. (0x12B)
[0106/173508.490:ERROR:process_memory_win.cc(73)] ReadMemory at 0x2672153b500 of 132 bytes failed: Only part of a ReadProcessMemory or WriteProcessMemory request was completed. (0x12B)
[0106/173508.491:ERROR:process_memory_win.cc(73)] ReadMemory at 0x2672153b630 of 132 bytes failed: Only part of a ReadProcessMemory or WriteProcessMemory request was completed. (0x12B)
[0106/173508.491:ERROR:process_memory_win.cc(73)] ReadMemory at 0x2672153b760 of 132 bytes failed: Only part of a ReadProcessMemory or WriteProcessMemory request was completed. (0x12B)
[0106/173508.491:ERROR:process_memory_win.cc(73)] ReadMemory at 0x2672153b890 of 132 bytes failed: Only part of a ReadProcessMemory or WriteProcessMemory request was completed. (0x12B)
[0106/173508.491:ERROR:process_memory_win.cc(73)] ReadMemory at 0x2672153baf0 of 132 bytes failed: Only part of a ReadProcessMemory or WriteProcessMemory request was completed. (0x12B)
[0106/173508.491:ERROR:process_memory_win.cc(73)] ReadMemory at 0x2672153be80 of 132 bytes failed: Only part of a ReadProcessMemory or WriteProcessMemory request was completed. (0x12B)
[0106/173508.492:ERROR:process_memory_win.cc(73)] ReadMemory at 0x2672153c0e0 of 132 bytes failed: Only part of a ReadProcessMemory or WriteProcessMemory request was completed. (0x12B)
[0106/173508.511:ERROR:process_memory_win.cc(73)] ReadMemory at 0x2672153c210 of 132 bytes failed: Only part of a ReadProcessMemory or WriteProcessMemory request was completed. (0x12B)
[0106/173508.512:ERROR:process_memory_win.cc(73)] ReadMemory at 0x2672153c470 of 132 bytes failed: Only part of a ReadProcessMemory or WriteProcessMemory request was completed. (0x12B)
[0106/173508.571:ERROR:process_memory_win.cc(73)] ReadMemory at 0x2672153c6d0 of 132 bytes failed: Only part of a ReadProcessMemory or WriteProcessMemory request was completed. (0x12B)
[0106/173508.571:ERROR:process_memory_win.cc(73)] ReadMemory at 0x2672153c990 of 512 bytes failed: Only part of a ReadProcessMemory or WriteProcessMemory request was completed. (0x12B)
[0106/173508.572:ERROR:process_memory_win.cc(73)] ReadMemory at 0x2672153d7a0 of 512 bytes failed: Only part of a ReadProcessMemory or WriteProcessMemory request was completed. (0x12B)
[0106/173508.572:ERROR:process_memory_win.cc(73)] ReadMemory at 0x26721bf0000 of 384 bytes failed: Only part of a ReadProcessMemory or WriteProcessMemory request was completed. (0x12B)
[0106/173508.572:ERROR:process_memory_win.cc(73)] ReadMemory at 0x26721c21790 of 512 bytes failed: Only part of a ReadProcessMemory or WriteProcessMemory request was completed. (0x12B)
[0106/173508.573:ERROR:process_memory_win.cc(73)] ReadMemory at 0x26721c33a58 of 512 bytes failed: Only part of a ReadProcessMemory or WriteProcessMemory request was completed. (0x12B)
[0106/173508.573:ERROR:process_memory_win.cc(73)] ReadMemory at 0x26721c373b0 of 512 bytes failed: Only part of a ReadProcessMemory or WriteProcessMemory request was completed. (0x12B)
[0106/173508.573:ERROR:process_memory_win.cc(73)] ReadMemory at 0x26721c46e60 of 712 bytes failed: Only part of a ReadProcessMemory or WriteProcessMemory request was completed. (0x12B)
[0106/173508.573:ERROR:process_memory_win.cc(73)] ReadMemory at 0x26721c81998 of 512 bytes failed: Only part of a ReadProcessMemory or WriteProcessMemory request was completed. (0x12B)
[0106/173508.574:ERROR:process_memory_win.cc(73)] ReadMemory at 0x26721c82838 of 512 bytes failed: Only part of a ReadProcessMemory or WriteProcessMemory request was completed. (0x12B)
[0106/173508.574:ERROR:process_memory_win.cc(73)] ReadMemory at 0x26721c82d48 of 512 bytes failed: Only part of a ReadProcessMemory or WriteProcessMemory request was completed. (0x12B)
[0106/173508.574:ERROR:process_memory_win.cc(73)] ReadMemory at 0x26723a73d00 of 512 bytes failed: Only part of a ReadProcessMemory or WriteProcessMemory request was completed. (0x12B)
[0106/173508.575:ERROR:process_memory_win.cc(73)] ReadMemory at 0x26723e86790 of 512 bytes failed: Only part of a ReadProcessMemory or WriteProcessMemory request was completed. (0x12B)
[0106/173508.583:ERROR:scoped_process_suspend.cc(40)] NtResumeProcess: An attempt was made to access an exiting process. (0xc000010a)
